<?xml version="1.0" encoding="UTF-8"?>
<testsuite xmlns:xsi="http://www.w3.org/2001/XMLSchema-instance" xsi:schemaLocation="https://maven.apache.org/surefire/maven-surefire-plugin/xsd/surefire-test-report.xsd" name="ims.comments.boundary.CommentsIntegrationTest" time="0.412" tests="1" errors="1" skipped="0" failures="0">
  <properties>
[...]
</properties>
  <testcase name="ims.comments.boundary.CommentsIntegrationTest" classname="ims.comments.boundary.CommentsIntegrationTest" time="0.411">
    <error message="Could not create new instance of class org.jboss.arquillian.test.impl.EventTestRunnerAdaptor" type="java.lang.RuntimeException">java.lang.RuntimeException: Could not create new instance of class org.jboss.arquillian.test.impl.EventTestRunnerAdaptor
Caused by: java.lang.reflect.InvocationTargetException
Caused by: org.jboss.arquillian.container.impl.ContainerCreationException: Could not create Container glassfish-embedded
Caused by: java.lang.IllegalArgumentException: DeployableContainer must be specified
</error>
  </testcase>
</testsuite>